<?xml version="1.0" encoding="UTF-8"?>
<testng-results skipped="0" failed="0" total="2" passed="2">
  <reporter-output>
  </reporter-output>
  <suite name="cross" duration-ms="20765" started-at="2018-06-09T10:00:02Z" finished-at="2018-06-09T10:00:23Z">
    <groups>
    </groups>
    <test name="Chrome" duration-ms="11379" started-at="2018-06-09T10:00:02Z" finished-at="2018-06-09T10:00:14Z">
      <class name="Testng.Para">
        <test-method status="PASS" signature="para(java.lang.String, java.lang.String, java.lang.String, java.lang.String)[pri:0, instance:Testng.Para@178f375]" name="para" duration-ms="11366" started-at="2018-06-09T15:30:02Z" finished-at="2018-06-09T15:30:14Z">
          <params>
            <param index="0">
              <value>
                <![CDATA[Chrome]]>
              </value>
            </param>
            <param index="1">
              <value>
                <![CDATA[http://apps.qaplanet.in/qahrm/login.php]]>
              </value>
            </param>
            <param index="2">
              <value>
                <![CDATA[qaplanet1]]>
              </value>
            </param>
            <param index="3">
              <value>
                <![CDATA[lab1]]>
              </value>
            </param>
          </params>
          <reporter-output>
          </reporter-output>
        </test-method> <!-- para -->
      </class> <!-- Testng.Para -->
    </test> <!-- Chrome -->
    <test name="Firefox" duration-ms="20765" started-at="2018-06-09T10:00:02Z" finished-at="2018-06-09T10:00:23Z">
      <class name="Testng.Para">
        <test-method status="PASS" signature="para(java.lang.String, java.lang.String, java.lang.String, java.lang.String)[pri:0, instance:Testng.Para@96442d]" name="para" duration-ms="20753" started-at="2018-06-09T15:30:02Z" finished-at="2018-06-09T15:30:23Z">
          <params>
            <param index="0">
              <value>
                <![CDATA[Firefox]]>
              </value>
            </param>
            <param index="1">
              <value>
                <![CDATA[http://apps.qaplanet.in/qahrm/login.php]]>
              </value>
            </param>
            <param index="2">
              <value>
                <![CDATA[qaplanet1]]>
              </value>
            </param>
            <param index="3">
              <value>
                <![CDATA[lab1]]>
              </value>
            </param>
          </params>
          <reporter-output>
          </reporter-output>
        </test-method> <!-- para -->
      </class> <!-- Testng.Para -->
    </test> <!-- Firefox -->
  </suite> <!-- cross -->
</testng-results>
